TN:
SF:src/data/usecases/db-add-post.ts
FN:9,add
FN:5,DbAddPost
FNF:2
FNH:2
FNDA:2,add
FNDA:2,DbAddPost
DA:1,1
DA:2,1
DA:3,1
DA:4,1
DA:5,1
DA:6,2
DA:7,2
DA:8,1
DA:9,1
DA:10,2
DA:11,1
DA:12,1
DA:13,1
DA:14,1
LF:14
LH:14
BRDA:9,0,0,2
BRDA:11,1,0,1
BRDA:5,2,0,2
BRF:3
BRH:3
end_of_record
TN:
SF:src/data/usecases/db-check-title-exist.ts
FN:8,checkTitle
FN:4,DbCheckTitleAlreadyExists
FNF:2
FNH:2
FNDA:3,checkTitle
FNDA:3,DbCheckTitleAlreadyExists
DA:1,1
DA:2,1
DA:3,1
DA:4,1
DA:5,3
DA:6,3
DA:7,1
DA:8,1
DA:9,3
DA:10,2
DA:11,2
DA:12,1
LF:12
LH:12
BRDA:8,0,0,3
BRDA:10,1,0,2
BRDA:4,2,0,3
BRF:3
BRH:3
end_of_record
TN:
SF:src/presentation/controllers/add-post-controller.ts
FN:22,handle
FN:17,AddPostController
FNF:2
FNH:2
FNDA:7,handle
FNDA:7,AddPostController
DA:1,1
DA:2,1
DA:3,1
DA:4,1
DA:5,1
DA:6,1
DA:7,1
DA:8,1
DA:9,1
DA:10,1
DA:11,1
DA:12,1
DA:13,1
DA:14,1
DA:15,1
DA:16,1
DA:17,1
DA:18,7
DA:19,7
DA:20,7
DA:21,1
DA:22,1
DA:23,7
DA:24,7
DA:25,7
DA:26,7
DA:27,7
DA:28,18
DA:29,18
DA:30,4
DA:31,7
DA:32,1
DA:33,1
DA:34,2
DA:35,1
DA:36,1
DA:37,7
DA:38,2
DA:39,2
DA:40,7
DA:41,1
LF:41
LH:41
BRDA:22,0,0,7
BRDA:27,1,0,18
BRDA:28,2,0,3
BRDA:30,3,0,4
BRDA:31,4,0,3
BRDA:31,5,0,1
BRDA:34,6,0,2
BRDA:35,7,0,1
BRDA:37,8,0,2
BRDA:17,9,0,7
BRF:10
BRH:10
end_of_record
TN:
SF:src/presentation/errors/invalid-field-error.ts
FN:2,TitleAlreadyExistsError
FNF:1
FNH:1
FNDA:2,TitleAlreadyExistsError
DA:1,1
DA:2,1
DA:3,2
DA:4,2
DA:5,2
DA:6,1
LF:6
LH:6
BRDA:2,0,0,2
BRF:1
BRH:1
end_of_record
TN:
SF:src/presentation/errors/missing-param-error.ts
FN:2,MissingParamError
FNF:1
FNH:1
FNDA:6,MissingParamError
DA:1,1
DA:2,1
DA:3,6
DA:4,6
DA:5,6
DA:6,1
LF:6
LH:6
BRDA:2,0,0,6
BRF:1
BRH:1
end_of_record
TN:
SF:src/presentation/errors/server-error.ts
FN:2,ServerError
FNF:1
FNH:1
FNDA:4,ServerError
DA:1,1
DA:2,1
DA:3,4
DA:4,4
DA:5,4
DA:6,1
LF:6
LH:6
BRDA:2,0,0,4
BRF:1
BRH:1
end_of_record
TN:
SF:src/presentation/helpers/http-helpers.ts
FN:3,created
FN:8,badRequest
FN:13,serverError
FNF:3
FNH:3
FNDA:1,created
FNDA:4,badRequest
FNDA:2,serverError
DA:1,1
DA:2,1
DA:3,1
DA:4,1
DA:5,1
DA:6,1
DA:7,1
DA:8,1
DA:9,4
DA:10,4
DA:11,4
DA:12,1
DA:13,1
DA:14,2
DA:15,2
DA:16,2
LF:16
LH:16
BRDA:3,0,0,1
BRDA:8,1,0,4
BRDA:13,2,0,2
BRF:3
BRH:3
end_of_record
